<?xml version="1.0" encoding="UTF-8"?>
<!-- Generated by org.testng.reporters.JUnitReportReporter -->
<testsuite skipped="0" hostname="ZIPLSY1690" name="Tests.NavigationVerification" tests="1" failures="0" timestamp="08 Nov 2019 14:53:45 GMT" time="17.945" errors="0">
  <testcase name="Navigatesub" time="17.945" classname="Tests.NavigationVerification"/>
</testsuite> <!-- Tests.NavigationVerification -->
