<?xml version="1.0" encoding="UTF-8"?>
<!-- Generated by org.testng.reporters.JUnitReportReporter -->
<testsuite skipped="0" hostname="ZIPLSY1690" name="Tests.OrderItem" tests="1" failures="0" timestamp="08 Nov 2019 14:53:45 GMT" time="15.173" errors="0">
  <testcase name="addItemtoCart" time="15.173" classname="Tests.OrderItem"/>
</testsuite> <!-- Tests.OrderItem -->
