<?xml version="1.0" encoding="UTF-8"?>
<!-- Generated by org.testng.reporters.JUnitReportReporter -->
<testsuite skipped="0" hostname="ZIPLSY1690" name="Tests.LocationChange" tests="1" failures="0" timestamp="08 Nov 2019 15:00:32 GMT" time="7.220" errors="0">
  <testcase name="ChangeLocation" time="7.220" classname="Tests.LocationChange"/>
</testsuite> <!-- Tests.LocationChange -->
