<?xml version="1.0" encoding="UTF-8"?>
<!-- Generated by org.testng.reporters.JUnitReportReporter -->
<testsuite skipped="0" hostname="ZIPLSY1690" name="navigateTabs.Test1" tests="2" failures="0" timestamp="08 Nov 2019 13:56:48 GMT" time="47.983" errors="0">
  <testcase name="Navigatesub" time="18.733" classname="navigateTabs.Test1"/>
  <testcase name="ChangeLocation" time="29.250" classname="navigateTabs.Test1"/>
</testsuite> <!-- navigateTabs.Test1 -->
