<?xml version="1.0" encoding="UTF-8"?>
<!-- Generated by org.testng.reporters.JUnitReportReporter -->
<testsuite skipped="0" hostname="ZIPLSY1690" name="item.Login" tests="1" failures="0" timestamp="08 Nov 2019 13:56:48 GMT" time="37.231" errors="0">
  <testcase name="addItemtoCart" time="37.231" classname="item.Login"/>
</testsuite> <!-- item.Login -->
